\BOOKMARK [0][-]{chapter.1}{\376\377\000I\000N\000T\000R\000O\000D\000U\000C\000T\000I\000O\000N}{}% 1
\BOOKMARK [1][-]{section.1.1}{\376\377\000M\000o\000t\000i\000v\000a\000t\000i\000o\000n}{chapter.1}% 2
\BOOKMARK [1][-]{section.1.2}{\376\377\000R\000e\000a\000l\000-\000w\000o\000r\000l\000d\000\040\000P\000r\000o\000b\000l\000e\000m}{chapter.1}% 3
\BOOKMARK [1][-]{section.1.3}{\376\377\000P\000r\000o\000b\000l\000e\000m\000\040\000S\000t\000a\000t\000e\000m\000e\000n\000t}{chapter.1}% 4
\BOOKMARK [1][-]{section.1.4}{\376\377\000O\000b\000j\000e\000c\000t\000i\000v\000e\000s}{chapter.1}% 5
\BOOKMARK [1][-]{section.1.5}{\376\377\000G\000i\000t\000H\000u\000b\000\040\000R\000e\000p\000o\000s\000i\000t\000o\000r\000y}{chapter.1}% 6
\BOOKMARK [0][-]{chapter.2}{\376\377\000B\000A\000C\000K\000G\000R\000O\000U\000N\000D}{}% 7
\BOOKMARK [1][-]{section.2.1}{\376\377\000H\000T\000M\000L\000\040\000\050\000H\000y\000p\000e\000r\000T\000e\000x\000t\000\040\000M\000a\000r\000k\000u\000p\000\040\000L\000a\000n\000g\000u\000a\000g\000e\000\051}{chapter.2}% 8
\BOOKMARK [1][-]{section.2.2}{\376\377\000C\000S\000S\000\040\000\050\000C\000a\000s\000c\000a\000d\000i\000n\000g\000\040\000S\000t\000y\000l\000e\000\040\000S\000h\000e\000e\000t\000s\000\051}{chapter.2}% 9
\BOOKMARK [1][-]{section.2.3}{\376\377\000J\000a\000v\000a\000S\000c\000r\000i\000p\000t}{chapter.2}% 10
\BOOKMARK [1][-]{section.2.4}{\376\377\000P\000H\000P\000\040\000\050\000H\000y\000p\000e\000r\000t\000e\000x\000t\000\040\000P\000r\000e\000p\000r\000o\000c\000e\000s\000s\000o\000r\000\051}{chapter.2}% 11
\BOOKMARK [1][-]{section.2.5}{\376\377\000M\000y\000S\000Q\000L}{chapter.2}% 12
\BOOKMARK [1][-]{section.2.6}{\376\377\000E\000n\000d\000-\000t\000o\000-\000E\000n\000d\000\040\000F\000l\000o\000w\000\040\000E\000x\000a\000m\000p\000l\000e}{chapter.2}% 13
\BOOKMARK [0][-]{chapter.3}{\376\377\000M\000E\000T\000H\000O\000D\000O\000L\000O\000G\000Y}{}% 14
\BOOKMARK [1][-]{section.3.1}{\376\377\000F\000l\000o\000w\000\040\000C\000h\000a\000r\000t}{chapter.3}% 15
\BOOKMARK [1][-]{section.3.2}{\376\377\000U\000t\000i\000l\000i\000z\000e\000d\000\040\000T\000e\000c\000h\000n\000o\000l\000o\000g\000i\000e\000s}{chapter.3}% 16
\BOOKMARK [0][-]{chapter.4}{\376\377\000R\000E\000S\000U\000L\000T\000\040\000A\000N\000D\000\040\000D\000I\000S\000C\000U\000S\000S\000I\000O\000N}{}% 17
\BOOKMARK [1][-]{section.4.1}{\376\377\000S\000y\000s\000t\000e\000m\000\040\000D\000e\000s\000i\000g\000n\000\040\000/\000\040\000S\000o\000u\000r\000c\000e\000\040\000S\000t\000r\000u\000c\000t\000u\000r\000e}{chapter.4}% 18
\BOOKMARK [1][-]{section.4.2}{\376\377\000B\000a\000c\000k\000e\000n\000d\000\040\000F\000l\000o\000w}{chapter.4}% 19
\BOOKMARK [1][-]{section.4.3}{\376\377\000O\000u\000t\000p\000u\000t}{chapter.4}% 20
\BOOKMARK [0][-]{chapter.5}{\376\377\000F\000U\000T\000U\000R\000E\000\040\000E\000N\000H\000A\000N\000C\000E\000M\000E\000N\000T}{}% 21
\BOOKMARK [0][-]{chapter.6}{\376\377\000C\000O\000N\000C\000L\000U\000S\000I\000O\000N}{}% 22
\BOOKMARK [0][-]{chapter.7}{\376\377\000R\000E\000F\000E\000R\000E\000N\000C\000E\000S}{}% 23
